<?xml version="1.0" encoding="UTF-8"?>
<!-- Generated by org.testng.reporters.JUnitReportReporter -->
<testsuite hostname="INPSKCDP000113" failures="0" tests="2" name="Runner.TestApplication" time="40.583" errors="0" timestamp="2023-07-21T17:24:43 IST" skipped="0">
  <testcase classname="Runner.TestApplication" name="runScenario" time="20.093"/>
  <system-out/>
  <testcase classname="Runner.TestApplication" name="runScenario" time="20.490"/>
  <system-out/>
</testsuite> <!-- Runner.TestApplication -->
